
###############################################################################
#	Start as 08/02/2013-09:28:56
#	Device: /dev/ttyACM0
#	Uptime: 08/02/2013-09:28:56
###############################################################################

Device /dev/ttyACM0 found!
Device /dev/ttyACM0 setted to raw mode
Job listed: 829
Job listed: 829
Job listed: 825
Job listed: 836
SentK has working, timing is: 1
K sent to device
Logger has working!
K sent to device
K sent to device
K sent to device
K sent to device
K sent to device
K sent to device
K sent to device
K sent to device
K sent to device
K sent to device
K sent to device
K sent to device
K sent to device
K sent to device
K sent to device
K sent to device
K sent to device
K sent to device
K sent to device
K sent to device
K sent to device
K sent to device
K sent to device
K sent to device
K sent to device
K sent to device
K sent to device
========================================================================FINISH.

###############################################################################
#	Start as 08/02/2013-09:29:29
#	Device: /dev/ttyACM0
#	Uptime: 08/02/2013-09:29:29
###############################################################################

Device /dev/ttyACM0 found!
Device /dev/ttyACM0 setted to raw mode
Job listed: 25509
Job listed: 25509
Job listed: 25505
Job listed: 25515
SentK has working, timing is: 2
K sent to device
Logger has working!
K sent to device
K sent to device
K sent to device
========================================================================FINISH.

###############################################################################
#	Start as 08/02/2013-09:29:37
#	Device: /dev/ttyACM0
#	Uptime: 08/02/2013-09:29:37
###############################################################################

Device /dev/ttyACM0 found!
Device /dev/ttyACM0 setted to raw mode
Job listed: 31208
Job listed: 31208
Job listed: 31204
Job listed: 31214
SentK has working, timing is: 3
K sent to device
Logger has working!
Reading error from device! - at: 08/02/2013-09:29:40
K sent to device
K sent to device
========================================================================FINISH.

###############################################################################
#	Start as 08/02/2013-09:29:49
#	Device: /dev/ttyACM0
#	Uptime: 08/02/2013-09:29:49
###############################################################################

Device /dev/ttyACM0 found!
Device /dev/ttyACM0 setted to raw mode
Job listed: 5395
Job listed: 5395
Job listed: 5391
Job listed: 5401
SentK has working, timing is: 2.9
K sent to device
WARNING: log file has not empty
Reading error from device! - at: 08/02/2013-09:29:52
K sent to device
K sent to device
Reading error from device! - at: 08/02/2013-09:29:57
K sent to device
Reading error from device! - at: 08/02/2013-09:30:00
K sent to device
========================================================================FINISH.

###############################################################################
#	Start as 08/02/2013-09:30:05
#	Device: /dev/ttyACM0
#	Uptime: 08/02/2013-09:30:05
###############################################################################

Device /dev/ttyACM0 found!
Device /dev/ttyACM0 setted to raw mode
Job listed: 16220
Job listed: 16220
Job listed: 16216
Job listed: 16226
SentK has working, timing is: 2.69
K sent to device
WARNING: log file has not empty
K sent to device
K sent to device
K sent to device
K sent to device
K sent to device
========================================================================FINISH.

###############################################################################
#	Start as 08/02/2013-09:30:37
#	Device: /dev/ttyACM0
#	Uptime: 08/02/2013-09:30:37
###############################################################################

Device /dev/ttyACM0 found!
Device /dev/ttyACM0 setted to raw mode
Job listed: 29044
Job listed: 29044
Job listed: 29040
Job listed: 29050
SentK has working, timing is: 2.5
K sent to device
WARNING: log file has not empty
K sent to device
K sent to device
K sent to device
K sent to device
K sent to device
K sent to device
K sent to device
K sent to device
K sent to device
K sent to device
K sent to device
K sent to device
K sent to device
K sent to device
K sent to device
========================================================================FINISH.
